==========================================
Starting CRISPR-seq pipeline (SUCCESS)
Work directory: /home/ec2-user/data/nextflow/work_500
Cache directory: /home/ec2-user/data/nextflow/singularity_cache
TMPDIR: /home/ec2-user/data/nextflow/tmp
SLURM Job ID: 500
==========================================
N E X T F L O W  ~  version 25.04.6
Launching `https://github.com/nf-core/crisprseq` [golden_bhaskara] DSL2 - revision: 0e9f915c4a [2.3.0]
WARN: Access to undefined parameter `reference_fasta` -- Initialise it to a default value eg. `params.reference_fasta = some_value`

-[2m----------------------------------------------------[0m-
                                        [0;32m,--.[0;30m/[0;32m,-.[0m
[0;34m        ___     __   __   __   ___     [0;32m/,-._.--~'[0m
[0;34m  |\ | |__  __ /  ` /  \ |__) |__         [0;33m}  {[0m
[0;34m  | \| |       \__, \__/ |  \ |___     [0;32m\`-._,-`-,[0m
                                        [0;32m`._,._,'[0m
[0;35m  nf-core/crisprseq 2.3.0[0m
-[2m----------------------------------------------------[0m-
[1mInput/output options[0m
  [0;34minput                     : [0;32mhttps://raw.githubusercontent.com/nf-core/test-datasets/crisprseq/testdata-edition/samplesheet_test.csv[0m
  [0;34moutdir                    : [0;32mresults[0m
  [0;34manalysis                  : [0;32mtargeted[0m

[1mtargeted pipeline steps[0m
  [0;34moverrepresented           : [0;32mtrue[0m

[1mInstitutional config options[0m
  [0;34mconfig_profile_name       : [0;32mTest profile[0m
  [0;34mconfig_profile_description: [0;32mMinimal test dataset to check pipeline function[0m

[1mCore Nextflow options[0m
  [0;34mrevision                  : [0;32m2.3.0[0m
  [0;34mrunName                   : [0;32mgolden_bhaskara[0m
  [0;34mcontainerEngine           : [0;32msingularity[0m
  [0;34mlaunchDir                 : [0;32m/home/ec2-user/prod_apps/nextflow/scrnaseq[0m
  [0;34mworkDir                   : [0;32m/home/ec2-user/data/nextflow/work_500[0m
  [0;34mprojectDir                : [0;32m/home/ec2-user/.nextflow/assets/nf-core/crisprseq[0m
  [0;34muserName                  : [0;32mec2-user[0m
  [0;34mprofile                   : [0;32mtest,singularity[0m
  [0;34mconfigFiles               : [0;32m[0m

!! Only displaying parameters that differ from the pipeline defaults !!
-[2m----------------------------------------------------[0m-* The pipeline
  https://doi.org/10.5281/zenodo.7598496

* The nf-core framework
    https://doi.org/10.1038/s41587-020-0439-x

* Software dependencies
    https://github.com/nf-core/crisprseq/blob/master/CITATIONS.md

WARN: The following invalid input values have been detected:

* --max_cpus: 8
* --max_memory: 32.GB


WARN: Directive `process.shell` cannot contain new-line characters - offending value: [bash

set -e # Exit if a tool returns a non-zero status/exit code
set -u # Treat unset variables and parameters as an error
set -o pipefail # Returns the status of the last command to exit with a non-zero status or zero if all successfully execute
set -C # No clobber - prevent output redirection from overwriting files.
]
[ee/fd0be9] Submitted process > NFCORE_CRISPRSEQ:CRISPRSEQ_TARGETED:ORIENT_REFERENCE (hCas9-TRAC-a)
[6c/90f180] Submitted process > NFCORE_CRISPRSEQ:CRISPRSEQ_TARGETED:ORIENT_REFERENCE (chr6)
[39/705c4b] Submitted process > NFCORE_CRISPRSEQ:CRISPRSEQ_TARGETED:ORIENT_REFERENCE (hCas9-AAVS1-a)
[d9/0111fe] Submitted process > NFCORE_CRISPRSEQ:CRISPRSEQ_TARGETED:FASTQC (chr6)
[54/15e2c2] Submitted process > NFCORE_CRISPRSEQ:CRISPRSEQ_TARGETED:PEAR (hCas9-TRAC-a)
[1f/a7aa57] Submitted process > NFCORE_CRISPRSEQ:CRISPRSEQ_TARGETED:PEAR (hCas9-AAVS1-a)
[55/14b4c6] Submitted process > NFCORE_CRISPRSEQ:CRISPRSEQ_TARGETED:FIND_ADAPTERS (chr6)
[cf/f5cc05] Submitted process > NFCORE_CRISPRSEQ:CRISPRSEQ_TARGETED:TEMPLATE_REFERENCE (chr6)
[d0/7d6531] Submitted process > NFCORE_CRISPRSEQ:CRISPRSEQ_TARGETED:FASTQC (hCas9-TRAC-a)
[3c/c7e6f2] Submitted process > NFCORE_CRISPRSEQ:CRISPRSEQ_TARGETED:FASTQC (hCas9-AAVS1-a)
[b8/f731d5] Submitted process > NFCORE_CRISPRSEQ:CRISPRSEQ_TARGETED:MINIMAP2_ALIGN_TEMPLATE (chr6)
[4c/550b68] Submitted process > NFCORE_CRISPRSEQ:CRISPRSEQ_TARGETED:FIND_ADAPTERS (hCas9-TRAC-a)
[c1/b9e359] Submitted process > NFCORE_CRISPRSEQ:CRISPRSEQ_TARGETED:FIND_ADAPTERS (hCas9-AAVS1-a)
[16/0b682e] Submitted process > NFCORE_CRISPRSEQ:CRISPRSEQ_TARGETED:CUTADAPT (hCas9-TRAC-a)
[8c/945d2c] Submitted process > NFCORE_CRISPRSEQ:CRISPRSEQ_TARGETED:CUTADAPT (hCas9-AAVS1-a)
[5b/08c774] Submitted process > NFCORE_CRISPRSEQ:CRISPRSEQ_TARGETED:CUTADAPT (chr6)
[01/4f76d3] Submitted process > NFCORE_CRISPRSEQ:CRISPRSEQ_TARGETED:SEQTK_SEQ_MASK (hCas9-AAVS1-a)
[5d/9986ce] Submitted process > NFCORE_CRISPRSEQ:CRISPRSEQ_TARGETED:SEQTK_SEQ_MASK (chr6)
[d1/061201] Submitted process > NFCORE_CRISPRSEQ:CRISPRSEQ_TARGETED:SEQTK_SEQ_MASK (hCas9-TRAC-a)
[24/122646] Submitted process > NFCORE_CRISPRSEQ:CRISPRSEQ_TARGETED:MINIMAP2_ALIGN_ORIGINAL (hCas9-AAVS1-a)
[ac/14b4eb] Submitted process > NFCORE_CRISPRSEQ:CRISPRSEQ_TARGETED:PREPROCESSING_SUMMARY (hCas9-AAVS1-a)
[b6/8342e5] Submitted process > NFCORE_CRISPRSEQ:CRISPRSEQ_TARGETED:PREPROCESSING_SUMMARY (hCas9-TRAC-a)
[94/4ac981] Submitted process > NFCORE_CRISPRSEQ:CRISPRSEQ_TARGETED:MINIMAP2_ALIGN_ORIGINAL (hCas9-TRAC-a)
Pulling Singularity image https://depot.galaxyproject.org/singularity/samtools:1.19.2--h50ea8bc_0 [cache /home/ec2-user/data/nextflow/singularity_cache/depot.galaxyproject.org-singularity-samtools-1.19.2--h50ea8bc_0.img]
[eb/3b766b] Submitted process > NFCORE_CRISPRSEQ:CRISPRSEQ_TARGETED:PREPROCESSING_SUMMARY (chr6)
[8e/7a4235] Submitted process > NFCORE_CRISPRSEQ:CRISPRSEQ_TARGETED:MINIMAP2_ALIGN_ORIGINAL (chr6)
[87/cc3852] Submitted process > NFCORE_CRISPRSEQ:CRISPRSEQ_TARGETED:SAMTOOLS_INDEX (hCas9-TRAC-a)
[10/a170da] Submitted process > NFCORE_CRISPRSEQ:CRISPRSEQ_TARGETED:SAMTOOLS_INDEX (hCas9-AAVS1-a)
[31/da66c1] Submitted process > NFCORE_CRISPRSEQ:CRISPRSEQ_TARGETED:SAMTOOLS_INDEX (chr6)
[a8/1f11dc] Submitted process > NFCORE_CRISPRSEQ:CRISPRSEQ_TARGETED:CLUSTERING_SUMMARY (hCas9-AAVS1-a)
[76/7ee415] Submitted process > NFCORE_CRISPRSEQ:CRISPRSEQ_TARGETED:CLUSTERING_SUMMARY (hCas9-TRAC-a)
[30/923412] Submitted process > NFCORE_CRISPRSEQ:CRISPRSEQ_TARGETED:ALIGNMENT_SUMMARY (hCas9-AAVS1-a)
[c3/29b3c0] Submitted process > NFCORE_CRISPRSEQ:CRISPRSEQ_TARGETED:ALIGNMENT_SUMMARY (hCas9-TRAC-a)
Pulling Singularity image https://depot.galaxyproject.org/singularity/mulled-v2-61c59287265e27f2c4589cfc90013ef6c2c6acf1:fb3e48060a8c0e5108b1b60a2ad7e090cfb9eee5-0 [cache /home/ec2-user/data/nextflow/singularity_cache/depot.galaxyproject.org-singularity-mulled-v2-61c59287265e27f2c4589cfc90013ef6c2c6acf1-fb3e48060a8c0e5108b1b60a2ad7e090cfb9eee5-0.img]
[e3/ed75da] Submitted process > NFCORE_CRISPRSEQ:CRISPRSEQ_TARGETED:CLUSTERING_SUMMARY (chr6)
[52/cb51c3] Submitted process > NFCORE_CRISPRSEQ:CRISPRSEQ_TARGETED:ALIGNMENT_SUMMARY (chr6)
WARN: Directive `process.shell` cannot contain new-line characters - offending value: [bash

set -e # Exit if a tool returns a non-zero status/exit code
set -u # Treat unset variables and parameters as an error
set -o pipefail # Returns the status of the last command to exit with a non-zero status or zero if all successfully execute
set -C # No clobber - prevent output redirection from overwriting files.
]
[1e/adc0d2] Submitted process > NFCORE_CRISPRSEQ:CRISPRSEQ_TARGETED:CIGAR_PARSER (hCas9-TRAC-a)
[37/37b961] Submitted process > NFCORE_CRISPRSEQ:CRISPRSEQ_TARGETED:CIGAR_PARSER (hCas9-AAVS1-a)
[81/20eb88] Submitted process > NFCORE_CRISPRSEQ:CRISPRSEQ_TARGETED:CIGAR_PARSER (chr6)
Pulling Singularity image https://depot.galaxyproject.org/singularity/mulled-v2-6de07928379e6eface08a0019c4a1d6b5192e805:0d77388f37ddd923a087f7792e30e83ab54c918c-0 [cache /home/ec2-user/data/nextflow/singularity_cache/depot.galaxyproject.org-singularity-mulled-v2-6de07928379e6eface08a0019c4a1d6b5192e805-0d77388f37ddd923a087f7792e30e83ab54c918c-0.img]
Pulling Singularity image https://depot.galaxyproject.org/singularity/mulled-v2-9d836da785124bb367cbe6fbfc00dddd2107a4da:b033d6a4ea3a42a6f5121a82b262800f1219b382-0 [cache /home/ec2-user/data/nextflow/singularity_cache/depot.galaxyproject.org-singularity-mulled-v2-9d836da785124bb367cbe6fbfc00dddd2107a4da-b033d6a4ea3a42a6f5121a82b262800f1219b382-0.img]
[a8/e6563e] Submitted process > NFCORE_CRISPRSEQ:CRISPRSEQ_TARGETED:CLONALITY_CLASSIFIER (hCas9-TRAC-a)
[65/09e0a8] Submitted process > NFCORE_CRISPRSEQ:CRISPRSEQ_TARGETED:CLONALITY_CLASSIFIER (hCas9-AAVS1-a)
[18/e5c6ed] Submitted process > NFCORE_CRISPRSEQ:CRISPRSEQ_TARGETED:CRISPRSEQ_PLOTTER (hCas9-TRAC-a)
WARN: Directive `process.shell` cannot contain new-line characters - offending value: [bash

set -e # Exit if a tool returns a non-zero status/exit code
set -u # Treat unset variables and parameters as an error
set -o pipefail # Returns the status of the last command to exit with a non-zero status or zero if all successfully execute
set -C # No clobber - prevent output redirection from overwriting files.
]
[ff/7cda58] Submitted process > NFCORE_CRISPRSEQ:CRISPRSEQ_TARGETED:CRISPRSEQ_PLOTTER (hCas9-AAVS1-a)
WARN: Directive `process.shell` cannot contain new-line characters - offending value: [bash

set -e # Exit if a tool returns a non-zero status/exit code
set -u # Treat unset variables and parameters as an error
set -o pipefail # Returns the status of the last command to exit with a non-zero status or zero if all successfully execute
set -C # No clobber - prevent output redirection from overwriting files.
]
Pulling Singularity image https://depot.galaxyproject.org/singularity/multiqc:1.25.1--pyhdfd78af_0 [cache /home/ec2-user/data/nextflow/singularity_cache/depot.galaxyproject.org-singularity-multiqc-1.25.1--pyhdfd78af_0.img]
[70/85191e] Submitted process > NFCORE_CRISPRSEQ:CRISPRSEQ_TARGETED:CRISPRSEQ_PLOTTER (chr6)
[d1/fd2a22] Submitted process > NFCORE_CRISPRSEQ:CRISPRSEQ_TARGETED:CLONALITY_CLASSIFIER (chr6)
[af/3f4d28] Submitted process > NFCORE_CRISPRSEQ:CRISPRSEQ_TARGETED:MULTIQC
-[0;35m[nf-core/crisprseq][0;32m Pipeline completed successfully[0m-
==========================================
Pipeline execution completed successfully!
Results location: /home/ec2-user/prod_apps/nextflow/scrnaseq/results
==========================================
